2025-06-23 15:52:34,741 - db_helper - INFO - fetch_expense_summary called with start: 2024-08-01 end: 2024-08-05
2025-06-23 15:53:12,646 - db_helper - INFO - fetch_expense_summary called with start: 2024-08-01 end: 2024-08-05
2025-06-23 17:48:10,026 - db_helper - INFO - fetch_expenses_for_date called with 2024-08-01
2025-06-23 17:48:23,949 - db_helper - INFO - fetch_expenses_for_date called with 2024-08-15
2025-06-23 17:49:29,069 - db_helper - INFO - fetch_expenses_for_date called with 2024-08-01
2025-06-23 17:49:35,379 - db_helper - INFO - fetch_expenses_for_date called with 2024-08-08
2025-06-23 17:49:39,341 - db_helper - INFO - fetch_expenses_for_date called with 2024-08-15
2025-06-23 17:51:09,116 - db_helper - INFO - fetch_expenses_for_date called with 2024-08-01
2025-06-23 17:51:40,138 - db_helper - INFO - fetch_expenses_for_date called with 2024-08-02
2025-06-24 15:23:47,743 - db_helper - INFO - fetch_expenses_for_date called with 2024-08-01
2025-06-24 15:24:58,921 - db_helper - INFO - fetch_expenses_for_date called with 2024-08-01
2025-06-24 15:25:48,869 - db_helper - INFO - fetch_expenses_for_date called with 2024-08-01
2025-06-24 15:25:53,163 - db_helper - INFO - fetch_expenses_for_date called with 2024-08-01
2025-06-24 15:26:12,069 - db_helper - INFO - fetch_expenses_for_date called with 2024-08-01
2025-06-24 15:29:46,891 - db_helper - INFO - fetch_expenses_for_date called with 2024-08-01
2025-06-24 15:29:48,982 - db_helper - INFO - delete_expenses_for_date called with 2024-08-01
2025-06-24 15:29:49,043 - db_helper - INFO - insert_expense called with date: 2024-08-01, amount: 1227.0, category: Rent, notes: Monthly rent payment
2025-06-24 15:29:49,066 - db_helper - INFO - insert_expense called with date: 2024-08-01, amount: 300.0, category: Food, notes: Groceries for the week
2025-06-24 15:29:49,080 - db_helper - INFO - insert_expense called with date: 2024-08-01, amount: 1200.0, category: Rent, notes: Monthly rent payment
2025-06-24 15:29:49,097 - db_helper - INFO - insert_expense called with date: 2024-08-01, amount: 300.0, category: Food, notes: Groceries for the week
2025-06-24 15:29:49,111 - db_helper - INFO - insert_expense called with date: 2024-08-01, amount: 100.0, category: Food, notes: Ate Biriyani
2025-06-24 15:29:57,553 - db_helper - INFO - fetch_expenses_for_date called with 2024-08-01
2025-06-24 15:32:45,966 - db_helper - INFO - fetch_expenses_for_date called with 2024-08-01
2025-06-24 15:33:08,299 - db_helper - INFO - fetch_expenses_for_date called with 2024-08-01
2025-06-24 15:33:10,372 - db_helper - INFO - delete_expenses_for_date called with 2024-08-01
2025-06-24 15:33:10,436 - db_helper - INFO - insert_expense called with date: 2024-08-01, amount: 1227.0, category: Rent, notes: Monthly rent payment
2025-06-24 15:33:10,449 - db_helper - INFO - insert_expense called with date: 2024-08-01, amount: 300.0, category: Food, notes: Groceries for the week
2025-06-24 15:33:10,471 - db_helper - INFO - insert_expense called with date: 2024-08-01, amount: 1200.0, category: Rent, notes: Monthly rent payment
2025-06-24 15:33:10,495 - db_helper - INFO - insert_expense called with date: 2024-08-01, amount: 300.0, category: Food, notes: Groceries for the week
2025-06-24 15:33:10,507 - db_helper - INFO - insert_expense called with date: 2024-08-01, amount: 100.0, category: Food, notes: Ate Biriyani
2025-06-24 15:33:10,531 - db_helper - INFO - insert_expense called with date: 2024-08-01, amount: 500.0, category: Shopping, notes: Bought Tshirt
2025-06-24 15:33:31,586 - db_helper - INFO - fetch_expenses_for_date called with 2024-08-01
2025-06-24 15:33:42,091 - db_helper - INFO - fetch_expenses_for_date called with 2024-08-01
2025-06-24 15:34:59,266 - db_helper - INFO - fetch_expenses_for_date called with 2024-08-01
2025-06-24 15:35:01,328 - db_helper - INFO - delete_expenses_for_date called with 2024-08-01
2025-06-24 15:35:01,350 - db_helper - INFO - insert_expense called with date: 2024-08-01, amount: 1227.0, category: Rent, notes: Monthly rent payment
2025-06-24 15:35:01,363 - db_helper - INFO - insert_expense called with date: 2024-08-01, amount: 300.0, category: Food, notes: Groceries for the week
2025-06-24 15:35:01,378 - db_helper - INFO - insert_expense called with date: 2024-08-01, amount: 1200.0, category: Rent, notes: Monthly rent payment
2025-06-24 15:35:01,393 - db_helper - INFO - insert_expense called with date: 2024-08-01, amount: 300.0, category: Food, notes: Groceries for the week
2025-06-24 15:35:01,410 - db_helper - INFO - insert_expense called with date: 2024-08-01, amount: 100.0, category: Food, notes: Ate Biriyani
2025-06-24 15:35:01,425 - db_helper - INFO - insert_expense called with date: 2024-08-01, amount: 500.0, category: Shopping, notes: Bought Tshirt
2025-06-24 15:35:01,437 - db_helper - INFO - insert_expense called with date: 2024-08-01, amount: 200.0, category: Food, notes: Coffee
2025-06-24 15:37:01,172 - db_helper - INFO - fetch_expenses_for_date called with 2024-08-01
2025-06-24 15:37:06,368 - db_helper - INFO - fetch_expenses_for_date called with 2024-08-01
2025-06-24 15:37:08,461 - db_helper - INFO - delete_expenses_for_date called with 2024-08-01
2025-06-24 15:37:08,476 - db_helper - INFO - insert_expense called with date: 2024-08-01, amount: 1227.0, category: Rent, notes: Monthly rent payment
2025-06-24 15:37:08,489 - db_helper - INFO - insert_expense called with date: 2024-08-01, amount: 300.0, category: Food, notes: Groceries for the week
2025-06-24 15:37:08,507 - db_helper - INFO - insert_expense called with date: 2024-08-01, amount: 1200.0, category: Rent, notes: Monthly rent payment
2025-06-24 15:37:08,519 - db_helper - INFO - insert_expense called with date: 2024-08-01, amount: 300.0, category: Food, notes: Groceries for the week
2025-06-24 15:37:08,534 - db_helper - INFO - insert_expense called with date: 2024-08-01, amount: 100.0, category: Food, notes: Ate Biriyani
2025-06-24 15:37:08,550 - db_helper - INFO - insert_expense called with date: 2024-08-01, amount: 500.0, category: Shopping, notes: Bought Tshirt
2025-06-24 15:37:08,564 - db_helper - INFO - insert_expense called with date: 2024-08-01, amount: 200.0, category: Food, notes: Coffee
2025-06-24 15:37:08,578 - db_helper - INFO - insert_expense called with date: 2024-08-01, amount: 200.0, category: Food, notes: Coffee
2025-06-24 15:38:54,015 - db_helper - INFO - fetch_expenses_for_date called with 2024-08-01
2025-06-24 15:45:46,932 - db_helper - INFO - fetch_expenses_for_date called with 2024-08-01
2025-06-24 15:46:03,747 - db_helper - INFO - fetch_expenses_for_date called with 2024-08-01
2025-06-24 15:48:29,696 - db_helper - INFO - fetch_expenses_for_date called with 2024-08-01
2025-06-24 15:48:31,764 - db_helper - INFO - delete_expenses_for_date called with 2024-08-01
2025-06-24 15:48:31,778 - db_helper - INFO - insert_expense called with date: 2024-08-01, amount: 100.0, category: Food, notes: Ate Biriyani
2025-06-24 15:48:39,999 - db_helper - INFO - fetch_expenses_for_date called with 2024-08-01
2025-06-24 15:49:24,854 - db_helper - INFO - fetch_expenses_for_date called with 2024-08-01
2025-06-24 15:49:26,917 - db_helper - INFO - delete_expenses_for_date called with 2024-08-01
2025-06-24 15:49:26,939 - db_helper - INFO - insert_expense called with date: 2024-08-01, amount: 110.0, category: Food, notes: Ate Biriyani
2025-06-24 15:49:32,868 - db_helper - INFO - fetch_expenses_for_date called with 2024-08-01
2025-06-24 15:49:42,618 - db_helper - INFO - fetch_expenses_for_date called with 2024-08-01
2025-06-24 15:49:57,056 - db_helper - INFO - fetch_expenses_for_date called with 2024-08-01
2025-06-24 16:40:18,433 - db_helper - INFO - fetch_expenses_for_date called with 2024-08-01
2025-06-24 16:40:28,193 - db_helper - INFO - fetch_expenses_for_date called with 2024-08-01
2025-06-24 16:42:38,485 - db_helper - INFO - fetch_expenses_for_date called with 2024-08-01
2025-06-24 16:42:51,240 - db_helper - INFO - fetch_expenses_for_date called with 2024-08-01
2025-06-24 16:51:24,271 - db_helper - INFO - fetch_expenses_for_date called with 2024-08-01
2025-06-24 16:51:28,379 - db_helper - INFO - fetch_expenses_for_date called with 2024-08-01
2025-06-24 16:52:08,515 - db_helper - INFO - fetch_expenses_for_date called with 2024-08-01
2025-06-24 16:52:12,520 - db_helper - INFO - fetch_expenses_for_date called with 2024-08-01
2025-06-24 16:55:13,783 - db_helper - INFO - fetch_expenses_for_date called with 2024-08-01
2025-06-24 16:55:44,391 - db_helper - INFO - fetch_expenses_for_date called with 2024-08-01
2025-06-24 16:56:51,808 - db_helper - INFO - fetch_expenses_for_date called with 2024-08-01
2025-06-24 16:58:49,820 - db_helper - INFO - fetch_expenses_for_date called with 2024-08-01
2025-06-24 16:58:56,459 - db_helper - INFO - fetch_expenses_for_date called with 2024-08-01
2025-06-24 16:58:58,547 - db_helper - INFO - fetch_expense_summary called with start: 2024-08-01 end: 2024-08-05
2025-06-24 17:00:08,224 - db_helper - INFO - fetch_expenses_for_date called with 2024-08-01
2025-06-24 17:00:15,287 - db_helper - INFO - fetch_expenses_for_date called with 2024-08-01
2025-06-24 17:00:17,364 - db_helper - INFO - fetch_expense_summary called with start: 2024-08-01 end: 2024-08-05
2025-06-24 17:18:17,741 - db_helper - INFO - fetch_expenses_for_date called with 2024-08-01
2025-06-24 17:18:20,265 - db_helper - INFO - fetch_expenses_for_date called with 2024-08-01
2025-06-24 17:18:21,281 - db_helper - INFO - fetch_expenses_for_date called with 2024-08-01
2025-06-24 17:18:23,364 - db_helper - INFO - fetch_expense_summary called with start: 2024-08-09 end: 2024-08-12
2025-06-24 17:18:36,618 - db_helper - INFO - fetch_expenses_for_date called with 2024-08-01
2025-06-24 17:18:40,107 - db_helper - INFO - fetch_expenses_for_date called with 2024-08-01
2025-06-24 17:18:40,951 - db_helper - INFO - fetch_expenses_for_date called with 2024-08-01
2025-06-24 17:18:43,041 - db_helper - INFO - fetch_expense_summary called with start: 2024-08-01 end: 2024-08-31
2025-06-24 17:19:23,806 - db_helper - INFO - fetch_expenses_for_date called with 2024-08-14
2025-06-24 17:19:31,733 - db_helper - INFO - fetch_expenses_for_date called with 2024-08-11
2025-06-24 17:19:37,844 - db_helper - INFO - fetch_expenses_for_date called with 2024-08-03
